{"C:\\git\\test-1\\index.js": {"path":"C:\\git\\test-1\\index.js","statementMap":{"0":{"start":{"line":1,"column":13},"end":{"line":1,"column":28}},"1":{"start":{"line":2,"column":13},"end":{"line":2,"column":37}},"2":{"start":{"line":4,"column":19},"end":{"line":4,"column":49}},"3":{"start":{"line":6,"column":13},"end":{"line":6,"column":17}},"4":{"start":{"line":7,"column":0},"end":{"line":9,"column":5}},"5":{"start":{"line":8,"column":2},"end":{"line":8,"column":46}},"6":{"start":{"line":11,"column":15},"end":{"line":53,"column":2}},"7":{"start":{"line":12,"column":26},"end":{"line":12,"column":29}},"8":{"start":{"line":13,"column":2},"end":{"line":52,"column":3}},"9":{"start":{"line":14,"column":4},"end":{"line":14,"column":54}},"10":{"start":{"line":15,"column":4},"end":{"line":51,"column":5}},"11":{"start":{"line":17,"column":8},"end":{"line":17,"column":54}},"12":{"start":{"line":18,"column":8},"end":{"line":18,"column":27}},"13":{"start":{"line":19,"column":8},"end":{"line":28,"column":9}},"14":{"start":{"line":20,"column":10},"end":{"line":20,"column":26}},"15":{"start":{"line":22,"column":10},"end":{"line":27,"column":12}},"16":{"start":{"line":29,"column":8},"end":{"line":29,"column":14}},"17":{"start":{"line":32,"column":8},"end":{"line":32,"column":27}},"18":{"start":{"line":33,"column":8},"end":{"line":38,"column":10}},"19":{"start":{"line":39,"column":8},"end":{"line":39,"column":14}},"20":{"start":{"line":42,"column":8},"end":{"line":42,"column":27}},"21":{"start":{"line":43,"column":8},"end":{"line":48,"column":10}},"22":{"start":{"line":49,"column":8},"end":{"line":49,"column":14}},"23":{"start":{"line":55,"column":0},"end":{"line":57,"column":3}},"24":{"start":{"line":56,"column":2},"end":{"line":56,"column":76}},"25":{"start":{"line":59,"column":0},"end":{"line":59,"column":24}}},"fnMap":{"0":{"name":"(anonymous_0)","decl":{"start":{"line":7,"column":1},"end":{"line":7,"column":2}},"loc":{"start":{"line":7,"column":13},"end":{"line":9,"column":1}},"line":7},"1":{"name":"(anonymous_1)","decl":{"start":{"line":11,"column":33},"end":{"line":11,"column":34}},"loc":{"start":{"line":11,"column":47},"end":{"line":53,"column":1}},"line":11},"2":{"name":"(anonymous_2)","decl":{"start":{"line":55,"column":20},"end":{"line":55,"column":21}},"loc":{"start":{"line":55,"column":26},"end":{"line":57,"column":1}},"line":55}},"branchMap":{"0":{"loc":{"start":{"line":2,"column":13},"end":{"line":2,"column":37}},"type":"binary-expr","locations":[{"start":{"line":2,"column":13},"end":{"line":2,"column":29}},{"start":{"line":2,"column":33},"end":{"line":2,"column":37}}],"line":2},"1":{"loc":{"start":{"line":13,"column":2},"end":{"line":52,"column":3}},"type":"if","locations":[{"start":{"line":13,"column":2},"end":{"line":52,"column":3}},{"start":{"line":13,"column":2},"end":{"line":52,"column":3}}],"line":13},"2":{"loc":{"start":{"line":15,"column":4},"end":{"line":51,"column":5}},"type":"switch","locations":[{"start":{"line":16,"column":6},"end":{"line":30,"column":7}},{"start":{"line":31,"column":6},"end":{"line":40,"column":7}},{"start":{"line":41,"column":6},"end":{"line":50,"column":7}}],"line":15},"3":{"loc":{"start":{"line":19,"column":8},"end":{"line":28,"column":9}},"type":"if","locations":[{"start":{"line":19,"column":8},"end":{"line":28,"column":9}},{"start":{"line":19,"column":8},"end":{"line":28,"column":9}}],"line":19}},"s":{"0":1,"1":1,"2":1,"3":1,"4":1,"5":1,"6":1,"7":3,"8":3,"9":3,"10":3,"11":1,"12":1,"13":1,"14":0,"15":1,"16":1,"17":1,"18":1,"19":1,"20":1,"21":1,"22":1,"23":1,"24":1,"25":1},"f":{"0":1,"1":3,"2":1},"b":{"0":[1,1],"1":[3,0],"2":[1,1,1],"3":[0,1]},"_coverageSchema":"43e27e138ebf9cfc5966b082cf9a028302ed4184","hash":"fd0bcf9120342ffdd6861fd00962ecff2bc6ffa6"}
,"C:\\git\\test-1\\helpers\\index.js": {"path":"C:\\git\\test-1\\helpers\\index.js","statementMap":{"0":{"start":{"line":1,"column":25},"end":{"line":15,"column":1}},"1":{"start":{"line":2,"column":19},"end":{"line":2,"column":20}},"2":{"start":{"line":3,"column":17},"end":{"line":3,"column":18}},"3":{"start":{"line":4,"column":17},"end":{"line":4,"column":19}},"4":{"start":{"line":5,"column":4},"end":{"line":12,"column":5}},"5":{"start":{"line":6,"column":20},"end":{"line":6,"column":52}},"6":{"start":{"line":7,"column":18},"end":{"line":7,"column":49}},"7":{"start":{"line":8,"column":8},"end":{"line":8,"column":31}},"8":{"start":{"line":8,"column":25},"end":{"line":8,"column":31}},"9":{"start":{"line":9,"column":8},"end":{"line":9,"column":47}},"10":{"start":{"line":10,"column":8},"end":{"line":10,"column":29}},"11":{"start":{"line":11,"column":8},"end":{"line":11,"column":25}},"12":{"start":{"line":13,"column":24},"end":{"line":13,"column":30}},"13":{"start":{"line":14,"column":4},"end":{"line":14,"column":34}},"14":{"start":{"line":17,"column":0},"end":{"line":19,"column":2}}},"fnMap":{"0":{"name":"(anonymous_0)","decl":{"start":{"line":1,"column":25},"end":{"line":1,"column":26}},"loc":{"start":{"line":1,"column":32},"end":{"line":15,"column":1}},"line":1}},"branchMap":{"0":{"loc":{"start":{"line":8,"column":8},"end":{"line":8,"column":31}},"type":"if","locations":[{"start":{"line":8,"column":8},"end":{"line":8,"column":31}},{"start":{"line":8,"column":8},"end":{"line":8,"column":31}}],"line":8}},"s":{"0":3,"1":2,"2":2,"3":2,"4":2,"5":44,"6":44,"7":44,"8":2,"9":42,"10":42,"11":42,"12":2,"13":2,"14":3},"f":{"0":2},"b":{"0":[2,42]},"_coverageSchema":"43e27e138ebf9cfc5966b082cf9a028302ed4184","hash":"f202cc3731f5470fc4b5a3ff6f484838610d8513"}
,"C:\\git\\test-1\\models\\googleNews.js": {"path":"C:\\git\\test-1\\models\\googleNews.js","statementMap":{"0":{"start":{"line":1,"column":14},"end":{"line":1,"column":30}},"1":{"start":{"line":4,"column":4},"end":{"line":4,"column":25}},"2":{"start":{"line":8,"column":8},"end":{"line":8,"column":75}},"3":{"start":{"line":9,"column":8},"end":{"line":9,"column":26}},"4":{"start":{"line":12,"column":8},"end":{"line":26,"column":10}},"5":{"start":{"line":13,"column":12},"end":{"line":25,"column":19}},"6":{"start":{"line":15,"column":20},"end":{"line":17,"column":23}},"7":{"start":{"line":16,"column":24},"end":{"line":16,"column":46}},"8":{"start":{"line":18,"column":20},"end":{"line":20,"column":23}},"9":{"start":{"line":19,"column":24},"end":{"line":19,"column":64}},"10":{"start":{"line":23,"column":20},"end":{"line":23,"column":59}},"11":{"start":{"line":24,"column":20},"end":{"line":24,"column":124}},"12":{"start":{"line":29,"column":0},"end":{"line":29,"column":28}}},"fnMap":{"0":{"name":"(anonymous_0)","decl":{"start":{"line":7,"column":4},"end":{"line":7,"column":5}},"loc":{"start":{"line":7,"column":18},"end":{"line":10,"column":5}},"line":7},"1":{"name":"(anonymous_1)","decl":{"start":{"line":11,"column":4},"end":{"line":11,"column":5}},"loc":{"start":{"line":11,"column":16},"end":{"line":27,"column":5}},"line":11},"2":{"name":"(anonymous_2)","decl":{"start":{"line":12,"column":27},"end":{"line":12,"column":28}},"loc":{"start":{"line":12,"column":48},"end":{"line":26,"column":9}},"line":12},"3":{"name":"(anonymous_3)","decl":{"start":{"line":14,"column":31},"end":{"line":14,"column":32}},"loc":{"start":{"line":14,"column":38},"end":{"line":21,"column":17}},"line":14},"4":{"name":"(anonymous_4)","decl":{"start":{"line":15,"column":35},"end":{"line":15,"column":36}},"loc":{"start":{"line":15,"column":44},"end":{"line":17,"column":21}},"line":15},"5":{"name":"(anonymous_5)","decl":{"start":{"line":18,"column":34},"end":{"line":18,"column":35}},"loc":{"start":{"line":18,"column":40},"end":{"line":20,"column":21}},"line":18},"6":{"name":"(anonymous_6)","decl":{"start":{"line":22,"column":29},"end":{"line":22,"column":30}},"loc":{"start":{"line":22,"column":34},"end":{"line":25,"column":17}},"line":22}},"branchMap":{},"s":{"0":2,"1":2,"2":2,"3":2,"4":2,"5":2,"6":1,"7":59,"8":1,"9":1,"10":0,"11":0,"12":2},"f":{"0":2,"1":2,"2":2,"3":1,"4":59,"5":1,"6":0},"b":{},"_coverageSchema":"43e27e138ebf9cfc5966b082cf9a028302ed4184","hash":"92f5e37847d89650ae187e2b6af47ad9acef4028"}
}
