TN:
SF:C:\git\test-1\index.js
FN:7,(anonymous_0)
FN:11,(anonymous_1)
FN:55,(anonymous_2)
FNF:3
FNH:3
FNDA:1,(anonymous_0)
FNDA:3,(anonymous_1)
FNDA:1,(anonymous_2)
DA:1,1
DA:2,1
DA:4,1
DA:6,1
DA:7,1
DA:8,1
DA:11,1
DA:12,3
DA:13,3
DA:14,3
DA:15,3
DA:17,1
DA:18,1
DA:19,1
DA:20,0
DA:22,1
DA:29,1
DA:32,1
DA:33,1
DA:39,1
DA:42,1
DA:43,1
DA:49,1
DA:55,1
DA:56,1
DA:59,1
LF:26
LH:25
BRDA:2,0,0,1
BRDA:2,0,1,1
BRDA:13,1,0,3
BRDA:13,1,1,0
BRDA:15,2,0,1
BRDA:15,2,1,1
BRDA:15,2,2,1
BRDA:19,3,0,0
BRDA:19,3,1,1
BRF:9
BRH:7
end_of_record
TN:
SF:C:\git\test-1\helpers\index.js
FN:1,(anonymous_0)
FNF:1
FNH:1
FNDA:2,(anonymous_0)
DA:1,3
DA:2,2
DA:3,2
DA:4,2
DA:5,2
DA:6,44
DA:7,44
DA:8,44
DA:9,42
DA:10,42
DA:11,42
DA:13,2
DA:14,2
DA:17,3
LF:14
LH:14
BRDA:8,0,0,2
BRDA:8,0,1,42
BRF:2
BRH:2
end_of_record
TN:
SF:C:\git\test-1\models\googleNews.js
FN:7,(anonymous_0)
FN:11,(anonymous_1)
FN:12,(anonymous_2)
FN:14,(anonymous_3)
FN:15,(anonymous_4)
FN:18,(anonymous_5)
FN:22,(anonymous_6)
FNF:7
FNH:6
FNDA:2,(anonymous_0)
FNDA:2,(anonymous_1)
FNDA:2,(anonymous_2)
FNDA:1,(anonymous_3)
FNDA:59,(anonymous_4)
FNDA:1,(anonymous_5)
FNDA:0,(anonymous_6)
DA:1,2
DA:4,2
DA:8,2
DA:9,2
DA:12,2
DA:13,2
DA:15,1
DA:16,59
DA:18,1
DA:19,1
DA:23,0
DA:24,0
DA:29,2
LF:13
LH:11
BRF:0
BRH:0
end_of_record
